<?xml version="1.0" encoding="UTF-8"?>
<!-- Generated by org.testng.reporters.JUnitXMLReporter -->
<testsuite hostname="DESKTOP-GD2TQ7C" ignored="1" name="Test cases" tests="13" failures="0" timestamp="21 Apr 2022 07:07:21 GMT" time="0.235" errors="0">
  <testcase name="textCase04" time="0.031" classname="com.EX.Class1"/>
  <testcase name="testCase02" time="0.016" classname="com.EX.Class1"/>
  <testcase name="testCase03" time="0.016" classname="com.EX.Class1"/>
  <testcase name="tr201" time="0.062" classname="com.EX.Class2"/>
  <testcase name="tr202" time="0.0" classname="com.EX.Class2"/>
  <testcase name="tr203" time="0.0" classname="com.EX.Class2"/>
  <testcase name="tr301" time="0.015" classname="com.EX.Class3"/>
  <testcase name="tr302" time="0.0" classname="com.EX.Class3"/>
  <testcase name="tr303" time="0.0" classname="com.EX.Class3"/>
  <testcase name="tr401" time="0.0" classname="com.EX.Class4"/>
  <testcase name="tr402" time="0.0" classname="com.EX.Class4"/>
  <testcase name="tr403" time="0.0" classname="com.EX.Class4"/>
  <testcase name="textCase05" time="0.016" classname="com.EX.Class1"/>
  <testcase name="testCase01" time="0.0" classname="com.EX.Class1">
    <ignored/>
  </testcase> <!-- testCase01 -->
</testsuite> <!-- Test cases -->
