<?xml version="1.0" encoding="UTF-8"?>
<testng-results skipped="0" failed="0" ignored="0" total="1" passed="1">
  <reporter-output>
  </reporter-output>
  <suite name="Default suite" duration-ms="11928" started-at="2022-05-17T11:51:00Z" finished-at="2022-05-17T11:51:12Z">
    <groups>
    </groups>
    <test name="Default test" duration-ms="11928" started-at="2022-05-17T11:51:00Z" finished-at="2022-05-17T11:51:12Z">
      <class name="org.login.XpathFb">
        <test-method status="PASS" signature="LoginFacebook()[pri:0, instance:org.login.XpathFb@1610302]" name="LoginFacebook" is-config="true" duration-ms="7622" started-at="2022-05-17T17:21:00Z" finished-at="2022-05-17T17:21:07Z">
          <reporter-output>
          </reporter-output>
        </test-method> <!-- LoginFacebook -->
        <test-method status="PASS" signature="forgotPassword()[pri:0, instance:org.login.XpathFb@1610302]" name="forgotPassword" duration-ms="4268" started-at="2022-05-17T17:21:07Z" finished-at="2022-05-17T17:21:12Z">
          <reporter-output>
          </reporter-output>
        </test-method> <!-- forgotPassword -->
      </class> <!-- org.login.XpathFb -->
    </test> <!-- Default test -->
  </suite> <!-- Default suite -->
</testng-results>
